file,syntactic_ok,execution_ok,assertion_ok,num_asserts,passes,failures,errors,skips,error_message
/app/eval/tests/generated_tests/P3/HTTPDigestAuth/test_P3_HTTPDigestAuth_1.py,1,1,1,10,1,0,0,0,
/app/eval/tests/generated_tests/P3/HTTPDigestAuth/test_P3_HTTPDigestAuth_2.py,1,1,0,6,0,1,0,0,"assert 'username=""user\\""name""' in 'Digest username=""user""name"", realm=""my""realm"", nonce=""nonce123"", uri=""/resource"", response=""352bbdd1b0db2c32213928de012245eb"", qop=""auth"", nc=00000001, cnonce=""75cbc1472a4d7ca5""'"
/app/eval/tests/generated_tests/P3/HTTPDigestAuth/test_P3_HTTPDigestAuth_3.py,1,0,0,5,0,0,1,0,TypeError: argument of type 'NoneType' is not iterable
/app/eval/tests/generated_tests/P3/HTTPDigestAuth/test_P3_HTTPDigestAuth_4.py,1,1,1,3,1,0,0,0,
/app/eval/tests/generated_tests/P3/HTTPDigestAuth/test_P3_HTTPDigestAuth_5.py,1,1,0,3,0,1,0,0,AssertionError: assert False + where False = <Mock name='mock.connection.send' id='281473736723856'>.called + where <Mock name='mock.connection.send' id='281473736723856'> = <Mock name='mock.connection' id='281473736729936'>.send + where <Mock name='mock.connection' id='281473736729936'> = <Mock id='281473711070288'>.connection
/app/eval/tests/generated_tests/P3/HTTPDigestAuth/test_P3_HTTPDigestAuth_6.py,1,1,1,1,1,0,0,0,
/app/eval/tests/generated_tests/P3/_basic_auth_str/test_P3__basic_auth_str_1.py,1,1,1,4,1,0,0,0,
/app/eval/tests/generated_tests/P3/_basic_auth_str/test_P3__basic_auth_str_2.py,1,1,1,2,1,0,0,0,
/app/eval/tests/generated_tests/P3/_basic_auth_str/test_P3__basic_auth_str_3.py,1,1,1,2,1,0,0,0,
/app/eval/tests/generated_tests/P3/_basic_auth_str/test_P3__basic_auth_str_4.py,1,1,1,2,1,0,0,0,
/app/eval/tests/generated_tests/P3/_basic_auth_str/test_P3__basic_auth_str_5.py,1,1,1,2,1,0,0,0,
/app/eval/tests/generated_tests/P3/_basic_auth_str/test_P3__basic_auth_str_6.py,1,1,1,2,1,0,0,0,
/app/eval/tests/generated_tests/P3/_parse_content_type_header/test_P3__parse_content_type_header_1.py,1,1,1,4,1,0,0,0,
/app/eval/tests/generated_tests/P3/_parse_content_type_header/test_P3__parse_content_type_header_2.py,1,1,1,4,1,0,0,0,
/app/eval/tests/generated_tests/P3/_parse_content_type_header/test_P3__parse_content_type_header_3.py,1,1,0,2,0,1,0,0,"assert {'bar""': True, 'title': 'foo'} == {'title': 'foo;bar'} Differing items: {'title': 'foo'} != {'title': 'foo;bar'} Left contains 1 more item: {'bar""': True} Use -v to get more diff"
/app/eval/tests/generated_tests/P3/_parse_content_type_header/test_P3__parse_content_type_header_4.py,1,1,1,2,1,0,0,0,
/app/eval/tests/generated_tests/P3/_parse_content_type_header/test_P3__parse_content_type_header_5.py,1,1,1,3,1,0,0,0,
/app/eval/tests/generated_tests/P3/_parse_content_type_header/test_P3__parse_content_type_header_6.py,1,1,1,2,1,0,0,0,
/app/eval/tests/generated_tests/P3/_parse_content_type_header/test_P3__parse_content_type_header_7.py,1,1,1,4,1,0,0,0,
/app/eval/tests/generated_tests/P3/_parse_content_type_header/test_P3__parse_content_type_header_8.py,1,1,0,2,0,1,0,0,"assert {'boundary': 'abc'} == {'boundary': '""abc""'} Differing items: {'boundary': 'abc'} != {'boundary': '""abc""'} Use -v to get more diff"
/app/eval/tests/generated_tests/P3/_parse_content_type_header/test_P3__parse_content_type_header_9.py,1,1,1,6,1,0,0,0,
/app/eval/tests/generated_tests/P3/get_auth_from_url/test_P3_get_auth_from_url_1.py,1,1,1,0,1,0,0,0,
/app/eval/tests/generated_tests/P3/get_auth_from_url/test_P3_get_auth_from_url_2.py,1,1,1,0,1,0,0,0,
/app/eval/tests/generated_tests/P3/get_auth_from_url/test_P3_get_auth_from_url_3.py,1,1,1,1,1,0,0,0,
/app/eval/tests/generated_tests/P3/get_auth_from_url/test_P3_get_auth_from_url_4.py,1,1,1,1,1,0,0,0,
/app/eval/tests/generated_tests/P3/get_auth_from_url/test_P3_get_auth_from_url_5.py,1,1,1,0,1,0,0,0,
/app/eval/tests/generated_tests/P3/get_auth_from_url/test_P3_get_auth_from_url_6.py,1,1,1,0,1,0,0,0,
/app/eval/tests/generated_tests/P3/prepend_scheme_if_needed/test_P3_prepend_scheme_if_needed_1.py,1,1,1,2,1,0,0,0,
/app/eval/tests/generated_tests/P3/prepend_scheme_if_needed/test_P3_prepend_scheme_if_needed_2.py,1,1,1,2,1,0,0,0,
/app/eval/tests/generated_tests/P3/prepend_scheme_if_needed/test_P3_prepend_scheme_if_needed_3.py,1,1,0,1,0,1,0,0,AssertionError: assert 'user:///secret@[::1]:5432' == 'postgres://u...et@[::1]:5432' - postgres://user:secret@[::1]:5432 ? ----------- + user:///secret@[::1]:5432 ? +++
/app/eval/tests/generated_tests/P3/prepend_scheme_if_needed/test_P3_prepend_scheme_if_needed_4.py,1,1,1,2,1,0,0,0,
/app/eval/tests/generated_tests/P3/prepend_scheme_if_needed/test_P3_prepend_scheme_if_needed_5.py,1,1,1,1,1,0,0,0,
/app/eval/tests/generated_tests/P3/rebuild_auth/test_P3_rebuild_auth_1.py,1,1,1,2,1,0,0,0,
/app/eval/tests/generated_tests/P3/rebuild_auth/test_P3_rebuild_auth_2.py,1,1,1,2,1,0,0,0,
/app/eval/tests/generated_tests/P3/rebuild_auth/test_P3_rebuild_auth_3.py,1,1,1,1,1,0,0,0,
/app/eval/tests/generated_tests/P3/rebuild_auth/test_P3_rebuild_auth_4.py,1,1,1,0,1,0,0,0,
/app/eval/tests/generated_tests/P3/rebuild_auth/test_P3_rebuild_auth_5.py,1,1,1,0,1,0,0,0,
/app/eval/tests/generated_tests/P3/rebuild_auth/test_P3_rebuild_auth_6.py,1,1,1,2,1,0,0,0,
/app/eval/tests/generated_tests/P3/resolve_redirects/test_P3_resolve_redirects_1.py,1,1,1,1,1,0,0,0,
/app/eval/tests/generated_tests/P3/resolve_redirects/test_P3_resolve_redirects_2.py,1,0,0,8,0,0,1,0,AttributeError: 'NoneType' object has no attribute 'url'
/app/eval/tests/generated_tests/P3/resolve_redirects/test_P3_resolve_redirects_3.py,1,1,1,2,1,0,0,0,
/app/eval/tests/generated_tests/P3/resolve_redirects/test_P3_resolve_redirects_4.py,1,1,1,6,1,0,0,0,
/app/eval/tests/generated_tests/P3/resolve_redirects/test_P3_resolve_redirects_5.py,1,1,1,1,1,0,0,0,
/app/eval/tests/generated_tests/P3/select_proxy/test_P3_select_proxy_1.py,1,1,1,1,1,0,0,0,
/app/eval/tests/generated_tests/P3/select_proxy/test_P3_select_proxy_2.py,1,1,1,1,1,0,0,0,
/app/eval/tests/generated_tests/P3/select_proxy/test_P3_select_proxy_3.py,1,1,0,1,0,1,0,0,AssertionError: assert 'http://proxy.fallback:8080' == 'http://proxy...specific:8080' - http://proxy.ipv6-specific:8080 + http://proxy.fallback:8080
/app/eval/tests/generated_tests/P3/select_proxy/test_P3_select_proxy_4.py,1,1,1,1,1,0,0,0,
/app/eval/tests/generated_tests/P3/select_proxy/test_P3_select_proxy_5.py,1,1,1,1,1,0,0,0,
/app/eval/tests/generated_tests/P3/select_proxy/test_P3_select_proxy_6.py,1,1,1,2,1,0,0,0,
/app/eval/tests/generated_tests/P3/select_proxy/test_P3_select_proxy_7.py,1,1,1,1,1,0,0,0,
/app/eval/tests/generated_tests/P3/should_strip_auth/test_P3_should_strip_auth_1.py,1,1,1,1,1,0,0,0,
/app/eval/tests/generated_tests/P3/should_strip_auth/test_P3_should_strip_auth_2.py,1,1,1,1,1,0,0,0,
/app/eval/tests/generated_tests/P3/should_strip_auth/test_P3_should_strip_auth_3.py,1,1,1,1,1,0,0,0,
/app/eval/tests/generated_tests/P3/should_strip_auth/test_P3_should_strip_auth_4.py,1,1,1,1,1,0,0,0,
/app/eval/tests/generated_tests/P3/should_strip_auth/test_P3_should_strip_auth_5.py,1,1,0,1,0,1,0,0,AssertionError: Auth should NOT be stripped when upgrading scheme on the same non-standard port assert True is False
/app/eval/tests/generated_tests/P3/unquote_header_value/test_P3_unquote_header_value_1.py,1,1,1,2,1,0,0,0,
/app/eval/tests/generated_tests/P3/unquote_header_value/test_P3_unquote_header_value_2.py,1,1,1,3,1,0,0,0,
/app/eval/tests/generated_tests/P3/unquote_header_value/test_P3_unquote_header_value_3.py,1,1,1,3,1,0,0,0,
/app/eval/tests/generated_tests/P3/unquote_header_value/test_P3_unquote_header_value_4.py,1,1,1,2,1,0,0,0,
/app/eval/tests/generated_tests/P3/unquote_header_value/test_P3_unquote_header_value_5.py,1,1,1,1,1,0,0,0,
/app/eval/tests/generated_tests/P3/unquote_header_value/test_P3_unquote_header_value_6.py,1,1,1,1,1,0,0,0,
/app/eval/tests/generated_tests/P3/unquote_header_value/test_P3_unquote_header_value_7.py,1,1,1,2,1,0,0,0,
/app/eval/tests/generated_tests/P3/unquote_header_value/test_P3_unquote_header_value_8.py,1,1,1,1,1,0,0,0,
/app/eval/tests/generated_tests/P3/unquote_header_value/test_P3_unquote_header_value_9.py,1,1,1,4,1,0,0,0,
