file,syntactic_ok,execution_ok,assertion_ok,num_asserts,passes,failures,errors,skips,error_message
/app/eval/tests/generated_tests/P3/HTTPDigestAuth/test_P3_HTTPDigestAuth_1.py,1,1,0,13,0,1,0,0,"assert 'cnonce=""0102030405060708""' in 'Digest username=""user"", realm=""testrealm"", nonce=""nonce123"", uri=""/resource"", response=""7d0c6180a79a859ae9f3c0ec5b6a72d0"", opaque=""opaque-data-value"", qop=""auth"", nc=00000001, cnonce=""55ca043587b17747""'"
/app/eval/tests/generated_tests/P3/HTTPDigestAuth/test_P3_HTTPDigestAuth_2.py,1,1,0,2,0,1,0,0,"assert 'response=""d2feb6d0e1653a650ab57d8571718f00b5f47e61336810c1ff019533230c450a""' in 'Digest username=""user"", realm=""realm"", nonce=""n"", uri=""/secure"", response=""f2181088400f9b8b9e0b03b393851a8b4af7056d602159d68a7bb6df3c7d91e1"", algorithm=""SHA-256"", qop=""auth"", nc=00000001, cnonce=""f403775623164fb1""'"
/app/eval/tests/generated_tests/P3/HTTPDigestAuth/test_P3_HTTPDigestAuth_3.py,1,1,1,2,1,0,0,0,
/app/eval/tests/generated_tests/P3/HTTPDigestAuth/test_P3_HTTPDigestAuth_4.py,1,1,1,4,1,0,0,0,
/app/eval/tests/generated_tests/P3/HTTPDigestAuth/test_P3_HTTPDigestAuth_5.py,1,1,1,6,1,0,0,0,
/app/eval/tests/generated_tests/P3/HTTPDigestAuth/test_P3_HTTPDigestAuth_6.py,1,1,1,3,1,0,0,0,
/app/eval/tests/generated_tests/P3/HTTPDigestAuth/test_P3_HTTPDigestAuth_7.py,1,1,1,5,1,0,0,0,
/app/eval/tests/generated_tests/P3/_basic_auth_str/test_P3__basic_auth_str_1.py,1,1,1,1,1,0,0,0,
/app/eval/tests/generated_tests/P3/_basic_auth_str/test_P3__basic_auth_str_2.py,1,1,0,1,0,1,0,0,AssertionError: assert 'Basic bmnxbzpjb250cmFzZfFh' == 'Basic bmlxfW...udHJhc2VxfWE=' - Basic bmlxfW86Y29udHJhc2VxfWE= + Basic bmnxbzpjb250cmFzZfFh
/app/eval/tests/generated_tests/P3/_basic_auth_str/test_P3__basic_auth_str_3.py,1,1,1,1,1,0,0,0,
/app/eval/tests/generated_tests/P3/_basic_auth_str/test_P3__basic_auth_str_4.py,1,1,1,1,1,0,0,0,
/app/eval/tests/generated_tests/P3/_basic_auth_str/test_P3__basic_auth_str_5.py,1,1,1,1,1,0,0,0,
/app/eval/tests/generated_tests/P3/_basic_auth_str/test_P3__basic_auth_str_6.py,1,1,1,1,1,0,0,0,
/app/eval/tests/generated_tests/P3/_basic_auth_str/test_P3__basic_auth_str_7.py,1,1,1,1,1,0,0,0,
/app/eval/tests/generated_tests/P3/_parse_content_type_header/test_P3__parse_content_type_header_1.py,1,1,1,1,1,0,0,0,
/app/eval/tests/generated_tests/P3/_parse_content_type_header/test_P3__parse_content_type_header_2.py,1,1,1,2,1,0,0,0,
/app/eval/tests/generated_tests/P3/_parse_content_type_header/test_P3__parse_content_type_header_3.py,1,1,1,5,1,0,0,0,
/app/eval/tests/generated_tests/P3/_parse_content_type_header/test_P3__parse_content_type_header_4.py,1,1,1,5,1,0,0,0,
/app/eval/tests/generated_tests/P3/_parse_content_type_header/test_P3__parse_content_type_header_5.py,1,1,1,3,1,0,0,0,
/app/eval/tests/generated_tests/P3/_parse_content_type_header/test_P3__parse_content_type_header_6.py,1,1,0,0,1,0,0,0,
/app/eval/tests/generated_tests/P3/_parse_content_type_header/test_P3__parse_content_type_header_7.py,1,1,1,2,1,0,0,0,
/app/eval/tests/generated_tests/P3/_parse_content_type_header/test_P3__parse_content_type_header_8.py,1,1,1,5,1,0,0,0,
/app/eval/tests/generated_tests/P3/get_auth_from_url/test_P3_get_auth_from_url_1.py,1,1,1,1,1,0,0,0,
/app/eval/tests/generated_tests/P3/get_auth_from_url/test_P3_get_auth_from_url_2.py,1,1,1,1,1,0,0,0,
/app/eval/tests/generated_tests/P3/get_auth_from_url/test_P3_get_auth_from_url_3.py,1,1,1,2,1,0,0,0,
/app/eval/tests/generated_tests/P3/get_auth_from_url/test_P3_get_auth_from_url_4.py,1,1,1,1,1,0,0,0,
/app/eval/tests/generated_tests/P3/get_auth_from_url/test_P3_get_auth_from_url_5.py,1,1,1,1,1,0,0,0,
/app/eval/tests/generated_tests/P3/get_auth_from_url/test_P3_get_auth_from_url_6.py,1,1,1,1,1,0,0,0,
/app/eval/tests/generated_tests/P3/get_auth_from_url/test_P3_get_auth_from_url_7.py,1,0,0,1,0,0,1,0,AttributeError: 'int' object has no attribute 'decode'
/app/eval/tests/generated_tests/P3/prepend_scheme_if_needed/test_P3_prepend_scheme_if_needed_1.py,1,1,1,1,1,0,0,0,
/app/eval/tests/generated_tests/P3/prepend_scheme_if_needed/test_P3_prepend_scheme_if_needed_2.py,1,1,0,1,0,1,0,0,AssertionError: assert 'https://example.com' == 'Https://example.com' - Https://example.com ? ^ + https://example.com ? ^
/app/eval/tests/generated_tests/P3/prepend_scheme_if_needed/test_P3_prepend_scheme_if_needed_3.py,1,1,0,1,0,1,0,0,AssertionError: assert 'https://xn--...en-3ya.de/api' == 'https://münchen.de/api' - https://münchen.de/api ? - + https://xn--mnchen-3ya.de/api ? ++++ ++++
/app/eval/tests/generated_tests/P3/prepend_scheme_if_needed/test_P3_prepend_scheme_if_needed_4.py,1,1,1,1,1,0,0,0,
/app/eval/tests/generated_tests/P3/prepend_scheme_if_needed/test_P3_prepend_scheme_if_needed_5.py,1,1,0,1,0,1,0,0,AssertionError: assert ('http://://localhost:8080' in 'localhost:///8080' or 'localhost:///8080' == 'http://localhost:8080' - http://localhost:8080 + localhost:///8080)
/app/eval/tests/generated_tests/P3/prepend_scheme_if_needed/test_P3_prepend_scheme_if_needed_6.py,1,1,0,1,0,1,0,0,AssertionError: assert 'postgresql:/...d@db.internal' == 'postgresql:/...d@db.internal' - postgresql://user:p@ssword@db.internal ? ^ + postgresql://user:p%40ssword@db.internal ? ^^^
/app/eval/tests/generated_tests/P3/prepend_scheme_if_needed/test_P3_prepend_scheme_if_needed_7.py,1,1,1,1,1,0,0,0,
/app/eval/tests/generated_tests/P3/prepend_scheme_if_needed/test_P3_prepend_scheme_if_needed_8.py,1,1,1,1,1,0,0,0,
/app/eval/tests/generated_tests/P3/rebuild_auth/test_P3_rebuild_auth_1.py,1,1,1,5,1,0,0,0,
/app/eval/tests/generated_tests/P3/rebuild_auth/test_P3_rebuild_auth_2.py,1,1,1,2,1,0,0,0,
/app/eval/tests/generated_tests/P3/rebuild_auth/test_P3_rebuild_auth_3.py,1,1,1,3,1,0,0,0,
/app/eval/tests/generated_tests/P3/rebuild_auth/test_P3_rebuild_auth_4.py,1,1,1,1,1,0,0,0,
/app/eval/tests/generated_tests/P3/rebuild_auth/test_P3_rebuild_auth_5.py,1,1,1,2,1,0,0,0,
/app/eval/tests/generated_tests/P3/resolve_redirects/test_P3_resolve_redirects_1.py,1,1,1,3,1,0,0,0,
/app/eval/tests/generated_tests/P3/resolve_redirects/test_P3_resolve_redirects_2.py,1,1,1,4,1,0,0,0,
/app/eval/tests/generated_tests/P3/resolve_redirects/test_P3_resolve_redirects_3.py,1,1,1,1,1,0,0,0,
/app/eval/tests/generated_tests/P3/resolve_redirects/test_P3_resolve_redirects_4.py,1,1,1,2,1,0,0,0,
/app/eval/tests/generated_tests/P3/resolve_redirects/test_P3_resolve_redirects_5.py,1,1,1,2,1,0,0,0,
/app/eval/tests/generated_tests/P3/resolve_redirects/test_P3_resolve_redirects_6.py,1,1,0,4,0,1,0,0,AssertionError: assert 'original_put_data' == b'original_put_data' + where 'original_put_data' = <PreparedRequest [PUT]>.body
/app/eval/tests/generated_tests/P3/select_proxy/test_P3_select_proxy_1.py,1,1,1,1,1,0,0,0,
/app/eval/tests/generated_tests/P3/select_proxy/test_P3_select_proxy_10.py,1,1,1,1,1,0,0,0,
/app/eval/tests/generated_tests/P3/select_proxy/test_P3_select_proxy_11.py,1,1,1,1,1,0,0,0,
/app/eval/tests/generated_tests/P3/select_proxy/test_P3_select_proxy_12.py,1,1,1,1,1,0,0,0,
/app/eval/tests/generated_tests/P3/select_proxy/test_P3_select_proxy_2.py,1,1,1,1,1,0,0,0,
/app/eval/tests/generated_tests/P3/select_proxy/test_P3_select_proxy_3.py,1,1,1,1,1,0,0,0,
/app/eval/tests/generated_tests/P3/select_proxy/test_P3_select_proxy_4.py,1,1,1,1,1,0,0,0,
/app/eval/tests/generated_tests/P3/select_proxy/test_P3_select_proxy_5.py,1,1,1,1,1,0,0,0,
/app/eval/tests/generated_tests/P3/select_proxy/test_P3_select_proxy_6.py,1,1,1,1,1,0,0,0,
/app/eval/tests/generated_tests/P3/select_proxy/test_P3_select_proxy_7.py,1,1,1,1,1,0,0,0,
/app/eval/tests/generated_tests/P3/select_proxy/test_P3_select_proxy_8.py,1,1,1,1,1,0,0,0,
/app/eval/tests/generated_tests/P3/select_proxy/test_P3_select_proxy_9.py,1,1,1,1,1,0,0,0,
/app/eval/tests/generated_tests/P3/should_strip_auth/test_P3_should_strip_auth_1.py,1,1,1,5,1,0,0,0,
/app/eval/tests/generated_tests/P3/should_strip_auth/test_P3_should_strip_auth_2.py,1,1,1,2,1,0,0,0,
/app/eval/tests/generated_tests/P3/should_strip_auth/test_P3_should_strip_auth_3.py,1,1,1,3,1,0,0,0,
/app/eval/tests/generated_tests/P3/should_strip_auth/test_P3_should_strip_auth_4.py,1,1,1,2,1,0,0,0,
/app/eval/tests/generated_tests/P3/should_strip_auth/test_P3_should_strip_auth_5.py,1,1,1,4,1,0,0,0,
/app/eval/tests/generated_tests/P3/should_strip_auth/test_P3_should_strip_auth_6.py,1,1,1,2,1,0,0,0,
/app/eval/tests/generated_tests/P3/unquote_header_value/test_P3_unquote_header_value_1.py,1,1,1,3,1,0,0,0,
/app/eval/tests/generated_tests/P3/unquote_header_value/test_P3_unquote_header_value_2.py,1,1,1,1,1,0,0,0,
/app/eval/tests/generated_tests/P3/unquote_header_value/test_P3_unquote_header_value_3.py,1,1,1,2,1,0,0,0,
/app/eval/tests/generated_tests/P3/unquote_header_value/test_P3_unquote_header_value_4.py,1,1,1,1,1,0,0,0,
/app/eval/tests/generated_tests/P3/unquote_header_value/test_P3_unquote_header_value_5.py,1,1,1,1,1,0,0,0,
/app/eval/tests/generated_tests/P3/unquote_header_value/test_P3_unquote_header_value_6.py,1,1,1,2,1,0,0,0,
/app/eval/tests/generated_tests/P3/unquote_header_value/test_P3_unquote_header_value_7.py,1,1,1,2,1,0,0,0,
/app/eval/tests/generated_tests/P3/unquote_header_value/test_P3_unquote_header_value_8.py,1,1,1,1,1,0,0,0,
/app/eval/tests/generated_tests/P3/unquote_header_value/test_P3_unquote_header_value_9.py,1,1,1,2,1,0,0,0,
